<?xml version="1.0" encoding="UTF-8"?>
<!-- Generated by org.testng.reporters.JUnitReportReporter -->
<testsuite skipped="0" hostname="WIN-SERVER" name="com.anubhav.calculator.CalculatorTestingApium.Calculator2" tests="1" failures="0" timestamp="2019-12-31T14:05:04 IST" time="5.385" errors="0">
  <testcase name="testCal" time="5.385" classname="com.anubhav.calculator.CalculatorTestingApium.Calculator2"/>
</testsuite> <!-- com.anubhav.calculator.CalculatorTestingApium.Calculator2 -->
